<?xml version="1.0" encoding="UTF-8"?>
<!-- Generated by org.testng.reporters.JUnitXMLReporter -->
<testsuite hostname="MSI" ignored="0" name="Command line test" tests="6" failures="0" timestamp="19 Jan 2022 07:02:29 GMT" time="73.956" errors="0">
  <testcase name="validateTitleAndUrl" time="1.979" classname="scripts.CarvanaTest"/>
  <testcase name="validateLogoIsDisplayed" time="5.423" classname="scripts.CarvanaTest"/>
  <testcase name="validateCarvanaInfo" time="2.268" classname="scripts.CarvanaTest"/>
  <testcase name="validateErrorMessage" time="6.251" classname="scripts.CarvanaTest"/>
  <testcase name="ValidateTheSearchFilterOptionsAndSearchButton" time="12.832" classname="scripts.CarvanaTest"/>
  <testcase name="validateTheSearchResultTiles" time="30.227" classname="scripts.CarvanaTest"/>
</testsuite> <!-- Command line test -->
